Performing C++ SOURCE FILE Test CMAKE_HAVE_LIBC_PTHREAD failed with the following output:
Change Dir: /home/adas/bluebuild/pypeline/src/bluebild/_skbuild/linux-x86_64-3.7/cmake-build/CMakeFiles/CMakeTmp

Run Build Command(s):/home/adas/bluebuild/ninja/ninja cmTC_7523b && [1/2] Building CXX object CMakeFiles/cmTC_7523b.dir/src.cxx.o
[2/2] Linking CXX executable cmTC_7523b
FAILED: cmTC_7523b 
: && /ssoft/spack/arvine/v1/opt/spack/linux-rhel7-haswell/gcc-4.8.5/gcc-9.3.0-prviuv7vpdzyyhhai7sqrxlgyedsjosg/bin/g++   CMakeFiles/cmTC_7523b.dir/src.cxx.o -o cmTC_7523b   && :
CMakeFiles/cmTC_7523b.dir/src.cxx.o: In function `main':
src.cxx:(.text+0x2d): undefined reference to `pthread_create'
src.cxx:(.text+0x39): undefined reference to `pthread_detach'
src.cxx:(.text+0x45): undefined reference to `pthread_cancel'
src.cxx:(.text+0x56): undefined reference to `pthread_join'
src.cxx:(.text+0x6a): undefined reference to `pthread_atfork'
collect2: error: ld returned 1 exit status
ninja: build stopped: subcommand failed.


Source file was:
#include <pthread.h>

static void* test_func(void* data)
{
  return data;
}

int main(void)
{
  pthread_t thread;
  pthread_create(&thread, NULL, test_func, NULL);
  pthread_detach(thread);
  pthread_cancel(thread);
  pthread_join(thread, NULL);
  pthread_atfork(NULL, NULL, NULL);
  pthread_exit(NULL);

  return 0;
}

Determining if the function pthread_create exists in the pthreads failed with the following output:
Change Dir: /home/adas/bluebuild/pypeline/src/bluebild/_skbuild/linux-x86_64-3.7/cmake-build/CMakeFiles/CMakeTmp

Run Build Command(s):/home/adas/bluebuild/ninja/ninja cmTC_40043 && [1/2] Building CXX object CMakeFiles/cmTC_40043.dir/CheckFunctionExists.cxx.o
[2/2] Linking CXX executable cmTC_40043
FAILED: cmTC_40043 
: && /ssoft/spack/arvine/v1/opt/spack/linux-rhel7-haswell/gcc-4.8.5/gcc-9.3.0-prviuv7vpdzyyhhai7sqrxlgyedsjosg/bin/g++ -DCHECK_FUNCTION_EXISTS=pthread_create  CMakeFiles/cmTC_40043.dir/CheckFunctionExists.cxx.o -o cmTC_40043  -lpthreads && :
/usr/bin/ld: cannot find -lpthreads
collect2: error: ld returned 1 exit status
ninja: build stopped: subcommand failed.



Determining if the function sgemm_ exists failed with the following output:
Change Dir: /home/adas/bluebuild/pypeline/src/bluebild/_skbuild/linux-x86_64-3.7/cmake-build/CMakeFiles/CMakeTmp

Run Build Command(s):/home/adas/bluebuild/ninja/ninja cmTC_9ca73 && [1/2] Building CXX object CMakeFiles/cmTC_9ca73.dir/CheckFunctionExists.cxx.o
[2/2] Linking CXX executable cmTC_9ca73
FAILED: cmTC_9ca73 
: && /ssoft/spack/arvine/v1/opt/spack/linux-rhel7-haswell/gcc-4.8.5/gcc-9.3.0-prviuv7vpdzyyhhai7sqrxlgyedsjosg/bin/g++ -DCHECK_FUNCTION_EXISTS=sgemm_  CMakeFiles/cmTC_9ca73.dir/CheckFunctionExists.cxx.o -o cmTC_9ca73   && :
CMakeFiles/cmTC_9ca73.dir/CheckFunctionExists.cxx.o: In function `main':
CheckFunctionExists.cxx:(.text+0x10): undefined reference to `sgemm_'
collect2: error: ld returned 1 exit status
ninja: build stopped: subcommand failed.



